# JRE version: Java(TM) SE Runtime Environment (13.0.2+8) (build 13.0.2+8)
# Java VM: Java HotSpot(TM) 64-Bit Server VM (13.0.2+8, mixed mode, sharing, tiered, compressed oops, g1 gc, windows-amd64)
Heap:
 garbage-first heap   total 403456K, used 94790K [0x0000000082200000, 0x0000000100000000)
  region size 1024K, 11 young (11264K), 11 survivors (11264K)
 Metaspace       used 26873K, capacity 27617K, committed 27900K, reserved 1073152K
  class space    used 2902K, capacity 3172K, committed 3324K, reserved 1048576K
GC Heap History (20 events):
Event: 11.610 GC heap after
{Heap after GC invocations=22 (full 0):
 garbage-first heap   total 128000K, used 57814K [0x0000000082200000, 0x0000000100000000)
  region size 1024K, 3 young (3072K), 3 survivors (3072K)
 Metaspace       used 26671K, capacity 27416K, committed 27516K, reserved 1073152K
  class space    used 2888K, capacity 3133K, committed 3196K, reserved 1048576K
}
Event: 11.879 GC heap before
{Heap before GC invocations=22 (full 0):
 garbage-first heap   total 128000K, used 95702K [0x0000000082200000, 0x0000000100000000)
  region size 1024K, 40 young (40960K), 3 survivors (3072K)
 Metaspace       used 26694K, capacity 27436K, committed 27516K, reserved 1073152K
  class space    used 2890K, capacity 3136K, committed 3196K, reserved 1048576K
}
Event: 11.891 GC heap after
{Heap after GC invocations=23 (full 0):
 garbage-first heap   total 128000K, used 60025K [0x0000000082200000, 0x0000000100000000)
  region size 1024K, 4 young (4096K), 4 survivors (4096K)
 Metaspace       used 26694K, capacity 27436K, committed 27516K, reserved 1073152K
  class space    used 2890K, capacity 3136K, committed 3196K, reserved 1048576K
}
Event: 12.132 GC heap before
{Heap before GC invocations=23 (full 0):
 garbage-first heap   total 128000K, used 97913K [0x0000000082200000, 0x0000000100000000)
  region size 1024K, 41 young (41984K), 4 survivors (4096K)
 Metaspace       used 26707K, capacity 27442K, committed 27516K, reserved 1073152K
  class space    used 2891K, capacity 3137K, committed 3196K, reserved 1048576K
}
Event: 12.145 GC heap after
{Heap after GC invocations=24 (full 0):
 garbage-first heap   total 153600K, used 62060K [0x0000000082200000, 0x0000000100000000)
  region size 1024K, 5 young (5120K), 5 survivors (5120K)
 Metaspace       used 26707K, capacity 27442K, committed 27516K, reserved 1073152K
  class space    used 2891K, capacity 3137K, committed 3196K, reserved 1048576K
}
Event: 12.459 GC heap before
{Heap before GC invocations=24 (full 0):
 garbage-first heap   total 153600K, used 110188K [0x0000000082200000, 0x0000000100000000)
  region size 1024K, 51 young (52224K), 5 survivors (5120K)
 Metaspace       used 26707K, capacity 27442K, committed 27516K, reserved 1073152K
  class space    used 2891K, capacity 3137K, committed 3196K, reserved 1048576K
}
Event: 12.477 GC heap after
{Heap after GC invocations=25 (full 0):
 garbage-first heap   total 153600K, used 64854K [0x0000000082200000, 0x0000000100000000)
  region size 1024K, 4 young (4096K), 4 survivors (4096K)
 Metaspace       used 26707K, capacity 27442K, committed 27516K, reserved 1073152K
  class space    used 2891K, capacity 3137K, committed 3196K, reserved 1048576K
}
Event: 12.766 GC heap before
{Heap before GC invocations=25 (full 0):
 garbage-first heap   total 153600K, used 112982K [0x0000000082200000, 0x0000000100000000)
  region size 1024K, 51 young (52224K), 4 survivors (4096K)
 Metaspace       used 26707K, capacity 27442K, committed 27516K, reserved 1073152K
  class space    used 2891K, capacity 3137K, committed 3196K, reserved 1048576K
}
Event: 12.790 GC heap after
{Heap after GC invocations=26 (full 0):
 garbage-first heap   total 153600K, used 67313K [0x0000000082200000, 0x0000000100000000)
  region size 1024K, 5 young (5120K), 5 survivors (5120K)
 Metaspace       used 26707K, capacity 27442K, committed 27516K, reserved 1073152K
  class space    used 2891K, capacity 3137K, committed 3196K, reserved 1048576K
}
Event: 13.059 GC heap before
{Heap before GC invocations=26 (full 0):
 garbage-first heap   total 153600K, used 115441K [0x0000000082200000, 0x0000000100000000)
  region size 1024K, 52 young (53248K), 5 survivors (5120K)
 Metaspace       used 26707K, capacity 27442K, committed 27516K, reserved 1073152K
  class space    used 2891K, capacity 3137K, committed 3196K, reserved 1048576K
}
Event: 13.077 GC heap after
{Heap after GC invocations=27 (full 0):
 garbage-first heap   total 153600K, used 69350K [0x0000000082200000, 0x0000000100000000)
  region size 1024K, 5 young (5120K), 5 survivors (5120K)
 Metaspace       used 26707K, capacity 27442K, committed 27516K, reserved 1073152K
  class space    used 2891K, capacity 3137K, committed 3196K, reserved 1048576K
}
Event: 13.328 GC heap before
{Heap before GC invocations=27 (full 0):
 garbage-first heap   total 153600K, used 118502K [0x0000000082200000, 0x0000000100000000)
  region size 1024K, 53 young (54272K), 5 survivors (5120K)
 Metaspace       used 26708K, capacity 27442K, committed 27516K, reserved 1073152K
  class space    used 2891K, capacity 3137K, committed 3196K, reserved 1048576K
}
Event: 13.346 GC heap after
{Heap after GC invocations=28 (full 0):
 garbage-first heap   total 230400K, used 71794K [0x0000000082200000, 0x0000000100000000)
  region size 1024K, 5 young (5120K), 5 survivors (5120K)
 Metaspace       used 26708K, capacity 27442K, committed 27516K, reserved 1073152K
  class space    used 2891K, capacity 3137K, committed 3196K, reserved 1048576K
}
Event: 13.791 GC heap before
{Heap before GC invocations=28 (full 0):
 garbage-first heap   total 230400K, used 158834K [0x0000000082200000, 0x0000000100000000)
  region size 1024K, 88 young (90112K), 5 survivors (5120K)
 Metaspace       used 26708K, capacity 27442K, committed 27516K, reserved 1073152K
  class space    used 2891K, capacity 3137K, committed 3196K, reserved 1048576K
}
Event: 13.812 GC heap after
{Heap after GC invocations=29 (full 0):
 garbage-first heap   total 230400K, used 77338K [0x0000000082200000, 0x0000000100000000)
  region size 1024K, 8 young (8192K), 8 survivors (8192K)
 Metaspace       used 26708K, capacity 27442K, committed 27516K, reserved 1073152K
  class space    used 2891K, capacity 3137K, committed 3196K, reserved 1048576K
}
Event: 14.215 GC heap before
{Heap before GC invocations=29 (full 0):
 garbage-first heap   total 230400K, used 167450K [0x0000000082200000, 0x0000000100000000)
  region size 1024K, 96 young (98304K), 8 survivors (8192K)
 Metaspace       used 26709K, capacity 27442K, committed 27516K, reserved 1073152K
  class space    used 2891K, capacity 3137K, committed 3196K, reserved 1048576K
}
Event: 14.242 GC heap after
{Heap after GC invocations=30 (full 0):
 garbage-first heap   total 230400K, used 81074K [0x0000000082200000, 0x0000000100000000)
  region size 1024K, 10 young (10240K), 10 survivors (10240K)
 Metaspace       used 26709K, capacity 27442K, committed 27516K, reserved 1073152K
  class space    used 2891K, capacity 3137K, committed 3196K, reserved 1048576K
}
Event: 14.937 GC heap before
{Heap before GC invocations=30 (full 0):
 garbage-first heap   total 230400K, used 171186K [0x0000000082200000, 0x0000000100000000)
  region size 1024K, 98 young (100352K), 10 survivors (10240K)
 Metaspace       used 26726K, capacity 27443K, committed 27516K, reserved 1073152K
  class space    used 2891K, capacity 3137K, committed 3196K, reserved 1048576K
}
Event: 14.971 GC heap after
{Heap after GC invocations=31 (full 0):
 garbage-first heap   total 230400K, used 90653K [0x0000000082200000, 0x0000000100000000)
  region size 1024K, 13 young (13312K), 13 survivors (13312K)
 Metaspace       used 26726K, capacity 27443K, committed 27516K, reserved 1073152K
  class space    used 2891K, capacity 3137K, committed 3196K, reserved 1048576K
}
Event: 15.804 GC heap before
{Heap before GC invocations=31 (full 0):
 garbage-first heap   total 230400K, used 175645K [0x0000000082200000, 0x0000000100000000)
  region size 1024K, 96 young (98304K), 13 survivors (13312K)
 Metaspace       used 26873K, capacity 27617K, committed 27900K, reserved 1073152K
  class space    used 2902K, capacity 3172K, committed 3324K, reserved 1048576K
}

